2024-06-29 23:48:53,399 INFO:Starting data retrieval
2024-06-29 23:48:53,399 DEBUG:Fetching system collections count
2024-06-29 23:48:53,399 DEBUG:Starting new HTTPS connection (1): api.raindrop.io:443
2024-06-29 23:48:53,993 DEBUG:https://api.raindrop.io:443 "GET /rest/v1/user/stats HTTP/1.1" 200 None
2024-06-29 23:48:53,994 DEBUG:System collections count response: {
    "result": true,
    "items": [
        {
            "_id": 0,
            "count": 50561
        },
        {
            "_id": -1,
            "count": 0
        },
        {
            "_id": -99,
            "count": 9
        }
    ],
    "meta": {
        "_id": 550437,
        "changedBookmarksDate": "2024-06-30T01:09:55.860Z",
        "pro": true,
        "broken": {
            "count": 99
        }
    }
}
2024-06-29 23:48:54,001 INFO:Results saved to stats/system_collections_stats_20240629_234854.json
